[Practical Java] [2m17:38:04.594[0;39m [32m INFO[0;39m [2m---[0;39m [36mc.c.p.PracticalJavaApplication          [0;39m [2m:[0;39m Starting PracticalJavaApplication using Java 17.0.7 with PID 28716 (C:\springboot\practical-java\build\classes\java\main started by philip.chao in C:\springboot\practical-java)
[Practical Java] [2m17:38:04.613[0;39m [32mDEBUG[0;39m [2m---[0;39m [36mc.c.p.PracticalJavaApplication          [0;39m [2m:[0;39m Running with Spring Boot v3.0.1, Spring v6.0.3
[Practical Java] [2m17:38:04.614[0;39m [32m INFO[0;39m [2m---[0;39m [36mc.c.p.PracticalJavaApplication          [0;39m [2m:[0;39m No active profile set, falling back to 1 default profile: "default"
[Practical Java] [2m17:38:14.383[0;39m [33m WARN[0;39m [2m---[0;39m [36mo.s.d.elasticsearch.support.VersionInfo [0;39m [2m:[0;39m Version mismatch in between Elasticsearch Clients build/use: 7.12.1 - 7.17.10
[Practical Java] [2m17:38:17.498[0;39m [32m INFO[0;39m [2m---[0;39m [36mc.c.p.PracticalJavaApplication          [0;39m [2m:[0;39m Started PracticalJavaApplication in 14.153 seconds (process running for 15.923)
[Practical Java] [2m17:38:25.187[0;39m [32m INFO[0;39m [2m---[0;39m [36mc.c.p.PracticalJavaApplication          [0;39m [2m:[0;39m Starting PracticalJavaApplication using Java 17.0.7 with PID 28716 (C:\springboot\practical-java\build\classes\java\main started by philip.chao in C:\springboot\practical-java)
[Practical Java] [2m17:38:25.188[0;39m [32mDEBUG[0;39m [2m---[0;39m [36mc.c.p.PracticalJavaApplication          [0;39m [2m:[0;39m Running with Spring Boot v3.0.1, Spring v6.0.3
[Practical Java] [2m17:38:25.188[0;39m [32m INFO[0;39m [2m---[0;39m [36mc.c.p.PracticalJavaApplication          [0;39m [2m:[0;39m No active profile set, falling back to 1 default profile: "default"
[Practical Java] [2m17:38:31.634[0;39m [32m INFO[0;39m [2m---[0;39m [36mc.c.p.PracticalJavaApplication          [0;39m [2m:[0;39m Started PracticalJavaApplication in 6.513 seconds (process running for 30.059)
[Practical Java] [2m17:42:36.947[0;39m [32m INFO[0;39m [2m---[0;39m [36mc.c.p.PracticalJavaApplication          [0;39m [2m:[0;39m Starting PracticalJavaApplication using Java 17.0.7 with PID 23464 (C:\springboot\practical-java\build\classes\java\main started by philip.chao in C:\springboot\practical-java)
[Practical Java] [2m17:42:36.951[0;39m [32mDEBUG[0;39m [2m---[0;39m [36mc.c.p.PracticalJavaApplication          [0;39m [2m:[0;39m Running with Spring Boot v3.0.1, Spring v6.0.3
[Practical Java] [2m17:42:36.952[0;39m [32m INFO[0;39m [2m---[0;39m [36mc.c.p.PracticalJavaApplication          [0;39m [2m:[0;39m No active profile set, falling back to 1 default profile: "default"
[Practical Java] [2m17:42:47.493[0;39m [33m WARN[0;39m [2m---[0;39m [36mo.s.d.elasticsearch.support.VersionInfo [0;39m [2m:[0;39m Version mismatch in between Elasticsearch Clients build/use: 7.12.1 - 7.17.10
[Practical Java] [2m17:42:51.502[0;39m [32m INFO[0;39m [2m---[0;39m [36mc.c.p.PracticalJavaApplication          [0;39m [2m:[0;39m Started PracticalJavaApplication in 15.778 seconds (process running for 18.586)
[Practical Java] [2m17:43:02.949[0;39m [32m INFO[0;39m [2m---[0;39m [36mc.c.p.PracticalJavaApplication          [0;39m [2m:[0;39m Starting PracticalJavaApplication using Java 17.0.7 with PID 23464 (C:\springboot\practical-java\build\classes\java\main started by philip.chao in C:\springboot\practical-java)
[Practical Java] [2m17:43:02.949[0;39m [32mDEBUG[0;39m [2m---[0;39m [36mc.c.p.PracticalJavaApplication          [0;39m [2m:[0;39m Running with Spring Boot v3.0.1, Spring v6.0.3
[Practical Java] [2m17:43:02.950[0;39m [32m INFO[0;39m [2m---[0;39m [36mc.c.p.PracticalJavaApplication          [0;39m [2m:[0;39m No active profile set, falling back to 1 default profile: "default"
[Practical Java] [2m17:43:03.680[0;39m [32m INFO[0;39m [2m---[0;39m [36mc.c.p.PracticalJavaApplication          [0;39m [2m:[0;39m Started PracticalJavaApplication in 0.814 seconds (process running for 30.764)
[Practical Java] [2m17:43:15.137[0;39m [32m INFO[0;39m [2m---[0;39m [36mc.c.p.PracticalJavaApplication          [0;39m [2m:[0;39m Starting PracticalJavaApplication using Java 17.0.7 with PID 23464 (C:\springboot\practical-java\build\classes\java\main started by philip.chao in C:\springboot\practical-java)
[Practical Java] [2m17:43:15.138[0;39m [32mDEBUG[0;39m [2m---[0;39m [36mc.c.p.PracticalJavaApplication          [0;39m [2m:[0;39m Running with Spring Boot v3.0.1, Spring v6.0.3
[Practical Java] [2m17:43:15.138[0;39m [32m INFO[0;39m [2m---[0;39m [36mc.c.p.PracticalJavaApplication          [0;39m [2m:[0;39m No active profile set, falling back to 1 default profile: "default"
[Practical Java] [2m17:43:21.211[0;39m [33m WARN[0;39m [2m---[0;39m [36mConfigServletWebServerApplicationContext[0;39m [2m:[0;39m Exception encountered during context initialization - cancelling refresh attempt: org.springframework.beans.factory.BeanCreationException: Error creating bean with name 'userApis' defined in com.course.practicaljava.PracticalJavaApplication: Failed to instantiate [org.springdoc.core.models.GroupedOpenApi]: Illegal arguments to factory method 'userApis'; args: 
[Practical Java] [2m17:43:21.247[0;39m [31mERROR[0;39m [2m---[0;39m [36mo.s.boot.SpringApplication              [0;39m [2m:[0;39m Application run failed

org.springframework.beans.factory.BeanCreationException: Error creating bean with name 'userApis' defined in com.course.practicaljava.PracticalJavaApplication: Failed to instantiate [org.springdoc.core.models.GroupedOpenApi]: Illegal arguments to factory method 'userApis'; args: 
	at org.springframework.beans.factory.support.ConstructorResolver.instantiate(ConstructorResolver.java:657)
	at org.springframework.beans.factory.support.ConstructorResolver.instantiateUsingFactoryMethod(ConstructorResolver.java:491)
	at org.springframework.beans.factory.support.AbstractAutowireCapableBeanFactory.instantiateUsingFactoryMethod(AbstractAutowireCapableBeanFactory.java:1324)
	at org.springframework.beans.factory.support.AbstractAutowireCapableBeanFactory.createBeanInstance(AbstractAutowireCapableBeanFactory.java:1161)
	at org.springframework.beans.factory.support.AbstractAutowireCapableBeanFactory.doCreateBean(AbstractAutowireCapableBeanFactory.java:561)
	at org.springframework.beans.factory.support.AbstractAutowireCapableBeanFactory.createBean(AbstractAutowireCapableBeanFactory.java:521)
	at org.springframework.beans.factory.support.AbstractBeanFactory.lambda$doGetBean$0(AbstractBeanFactory.java:326)
	at org.springframework.beans.factory.support.DefaultSingletonBeanRegistry.getSingleton(DefaultSingletonBeanRegistry.java:234)
	at org.springframework.beans.factory.support.AbstractBeanFactory.doGetBean(AbstractBeanFactory.java:324)
	at org.springframework.beans.factory.support.AbstractBeanFactory.getBean(AbstractBeanFactory.java:200)
	at org.springframework.beans.factory.support.DefaultListableBeanFactory.preInstantiateSingletons(DefaultListableBeanFactory.java:961)
	at org.springframework.context.support.AbstractApplicationContext.finishBeanFactoryInitialization(AbstractApplicationContext.java:915)
	at org.springframework.context.support.AbstractApplicationContext.refresh(AbstractApplicationContext.java:584)
	at org.springframework.boot.web.servlet.context.ServletWebServerApplicationContext.refresh(ServletWebServerApplicationContext.java:146)
	at org.springframework.boot.SpringApplication.refresh(SpringApplication.java:730)
	at org.springframework.boot.SpringApplication.refreshContext(SpringApplication.java:432)
	at org.springframework.boot.SpringApplication.run(SpringApplication.java:308)
	at org.springframework.boot.SpringApplication.run(SpringApplication.java:1302)
	at org.springframework.boot.SpringApplication.run(SpringApplication.java:1291)
	at com.course.practicaljava.PracticalJavaApplication.main(PracticalJavaApplication.java:21)
	at java.base/jdk.internal.reflect.NativeMethodAccessorImpl.invoke0(Native Method)
	at java.base/jdk.internal.reflect.NativeMethodAccessorImpl.invoke(NativeMethodAccessorImpl.java:77)
	at java.base/jdk.internal.reflect.DelegatingMethodAccessorImpl.invoke(DelegatingMethodAccessorImpl.java:43)
	at java.base/java.lang.reflect.Method.invoke(Method.java:568)
	at org.springframework.boot.devtools.restart.RestartLauncher.run(RestartLauncher.java:49)
Caused by: org.springframework.beans.BeanInstantiationException: Failed to instantiate [org.springdoc.core.models.GroupedOpenApi]: Illegal arguments to factory method 'userApis'; args: 
	at org.springframework.beans.factory.support.SimpleInstantiationStrategy.instantiate(SimpleInstantiationStrategy.java:157)
	at org.springframework.beans.factory.support.ConstructorResolver.instantiate(ConstructorResolver.java:653)
	... 24 common frames omitted
Caused by: java.lang.IllegalArgumentException: object is not an instance of declaring class
	at java.base/jdk.internal.reflect.NativeMethodAccessorImpl.invoke0(Native Method)
	at java.base/jdk.internal.reflect.NativeMethodAccessorImpl.invoke(NativeMethodAccessorImpl.java:77)
	at java.base/jdk.internal.reflect.DelegatingMethodAccessorImpl.invoke(DelegatingMethodAccessorImpl.java:43)
	at java.base/java.lang.reflect.Method.invoke(Method.java:568)
	at org.springframework.beans.factory.support.SimpleInstantiationStrategy.instantiate(SimpleInstantiationStrategy.java:139)
	... 25 common frames omitted

[Practical Java] [2m17:44:36.185[0;39m [32m INFO[0;39m [2m---[0;39m [36mc.c.p.PracticalJavaApplication          [0;39m [2m:[0;39m Starting PracticalJavaApplication using Java 17.0.7 with PID 35764 (C:\springboot\practical-java\build\classes\java\main started by philip.chao in C:\springboot\practical-java)
[Practical Java] [2m17:44:36.189[0;39m [32mDEBUG[0;39m [2m---[0;39m [36mc.c.p.PracticalJavaApplication          [0;39m [2m:[0;39m Running with Spring Boot v3.0.1, Spring v6.0.3
[Practical Java] [2m17:44:36.190[0;39m [32m INFO[0;39m [2m---[0;39m [36mc.c.p.PracticalJavaApplication          [0;39m [2m:[0;39m No active profile set, falling back to 1 default profile: "default"
[Practical Java] [2m17:44:45.207[0;39m [32m INFO[0;39m [2m---[0;39m [36mc.c.p.PracticalJavaApplication          [0;39m [2m:[0;39m Started PracticalJavaApplication in 9.831 seconds (process running for 11.597)
[Practical Java] [2m17:44:56.129[0;39m [31mERROR[0;39m [2m---[0;39m [36mo.a.c.c.C.[.[.[/].[dispatcherServlet]   [0;39m [2m:[0;39m Servlet.service() for servlet [dispatcherServlet] in context with path [] threw exception [Request processing failed: java.lang.RuntimeException: java.net.SocketTimeoutException: 5,000 milliseconds timeout on connection http-outgoing-1 [ACTIVE]] with root cause

java.net.SocketTimeoutException: 5,000 milliseconds timeout on connection http-outgoing-1 [ACTIVE]
	at org.apache.http.nio.protocol.HttpAsyncRequestExecutor.timeout(HttpAsyncRequestExecutor.java:387)
	at org.apache.http.impl.nio.client.InternalIODispatch.onTimeout(InternalIODispatch.java:98)
	at org.apache.http.impl.nio.client.InternalIODispatch.onTimeout(InternalIODispatch.java:40)
	at org.apache.http.impl.nio.reactor.AbstractIODispatch.timeout(AbstractIODispatch.java:175)
	at org.apache.http.impl.nio.reactor.BaseIOReactor.sessionTimedOut(BaseIOReactor.java:261)
	at org.apache.http.impl.nio.reactor.AbstractIOReactor.timeoutCheck(AbstractIOReactor.java:506)
	at org.apache.http.impl.nio.reactor.BaseIOReactor.validate(BaseIOReactor.java:211)
	at org.apache.http.impl.nio.reactor.AbstractIOReactor.execute(AbstractIOReactor.java:280)
	at org.apache.http.impl.nio.reactor.BaseIOReactor.execute(BaseIOReactor.java:104)
	at org.apache.http.impl.nio.reactor.AbstractMultiworkerIOReactor$Worker.run(AbstractMultiworkerIOReactor.java:591)
	at java.base/java.lang.Thread.run(Thread.java:833)

[Practical Java] [2m17:48:47.037[0;39m [32m INFO[0;39m [2m---[0;39m [36mc.c.p.PracticalJavaApplication          [0;39m [2m:[0;39m Starting PracticalJavaApplication using Java 17.0.7 with PID 35764 (C:\springboot\practical-java\build\classes\java\main started by philip.chao in C:\springboot\practical-java)
[Practical Java] [2m17:48:47.037[0;39m [32mDEBUG[0;39m [2m---[0;39m [36mc.c.p.PracticalJavaApplication          [0;39m [2m:[0;39m Running with Spring Boot v3.0.1, Spring v6.0.3
[Practical Java] [2m17:48:47.037[0;39m [32m INFO[0;39m [2m---[0;39m [36mc.c.p.PracticalJavaApplication          [0;39m [2m:[0;39m No active profile set, falling back to 1 default profile: "default"
[Practical Java] [2m17:48:47.834[0;39m [32m INFO[0;39m [2m---[0;39m [36mc.c.p.PracticalJavaApplication          [0;39m [2m:[0;39m Started PracticalJavaApplication in 0.872 seconds (process running for 254.231)
[Practical Java] [2m17:49:01.617[0;39m [32m INFO[0;39m [2m---[0;39m [36mc.c.p.PracticalJavaApplication          [0;39m [2m:[0;39m Starting PracticalJavaApplication using Java 17.0.7 with PID 32132 (C:\springboot\practical-java\build\classes\java\main started by philip.chao in C:\springboot\practical-java)
[Practical Java] [2m17:49:01.621[0;39m [32mDEBUG[0;39m [2m---[0;39m [36mc.c.p.PracticalJavaApplication          [0;39m [2m:[0;39m Running with Spring Boot v3.0.1, Spring v6.0.3
[Practical Java] [2m17:49:01.622[0;39m [32m INFO[0;39m [2m---[0;39m [36mc.c.p.PracticalJavaApplication          [0;39m [2m:[0;39m No active profile set, falling back to 1 default profile: "default"
[Practical Java] [2m17:49:10.983[0;39m [33m WARN[0;39m [2m---[0;39m [36mo.s.d.elasticsearch.support.VersionInfo [0;39m [2m:[0;39m Version mismatch in between Elasticsearch Clients build/use: 7.12.1 - 7.17.10
[Practical Java] [2m17:49:12.582[0;39m [32m INFO[0;39m [2m---[0;39m [36mc.c.p.PracticalJavaApplication          [0;39m [2m:[0;39m Started PracticalJavaApplication in 12.09 seconds (process running for 13.966)
[Practical Java] [2m17:49:15.464[0;39m [32m INFO[0;39m [2m---[0;39m [36mc.c.p.PracticalJavaApplication          [0;39m [2m:[0;39m Starting PracticalJavaApplication using Java 17.0.7 with PID 32132 (C:\springboot\practical-java\build\classes\java\main started by philip.chao in C:\springboot\practical-java)
[Practical Java] [2m17:49:15.465[0;39m [32mDEBUG[0;39m [2m---[0;39m [36mc.c.p.PracticalJavaApplication          [0;39m [2m:[0;39m Running with Spring Boot v3.0.1, Spring v6.0.3
[Practical Java] [2m17:49:15.465[0;39m [32m INFO[0;39m [2m---[0;39m [36mc.c.p.PracticalJavaApplication          [0;39m [2m:[0;39m No active profile set, falling back to 1 default profile: "default"
[Practical Java] [2m17:49:21.624[0;39m [32m INFO[0;39m [2m---[0;39m [36mc.c.p.PracticalJavaApplication          [0;39m [2m:[0;39m Started PracticalJavaApplication in 6.244 seconds (process running for 23.009)
[Practical Java] [2m17:49:33.560[0;39m [31mERROR[0;39m [2m---[0;39m [36mo.a.c.c.C.[.[.[/].[dispatcherServlet]   [0;39m [2m:[0;39m Servlet.service() for servlet [dispatcherServlet] in context with path [] threw exception [Request processing failed: ElasticsearchException[java.util.concurrent.ExecutionException: java.net.SocketTimeoutException: 5,000 milliseconds timeout on connection http-outgoing-2 [ACTIVE]]; nested: ExecutionException[java.net.SocketTimeoutException: 5,000 milliseconds timeout on connection http-outgoing-2 [ACTIVE]]; nested: SocketTimeoutException[5,000 milliseconds timeout on connection http-outgoing-2 [ACTIVE]];] with root cause

java.net.SocketTimeoutException: 5,000 milliseconds timeout on connection http-outgoing-2 [ACTIVE]
	at org.apache.http.nio.protocol.HttpAsyncRequestExecutor.timeout(HttpAsyncRequestExecutor.java:387)
	at org.apache.http.impl.nio.client.InternalIODispatch.onTimeout(InternalIODispatch.java:98)
	at org.apache.http.impl.nio.client.InternalIODispatch.onTimeout(InternalIODispatch.java:40)
	at org.apache.http.impl.nio.reactor.AbstractIODispatch.timeout(AbstractIODispatch.java:175)
	at org.apache.http.impl.nio.reactor.BaseIOReactor.sessionTimedOut(BaseIOReactor.java:261)
	at org.apache.http.impl.nio.reactor.AbstractIOReactor.timeoutCheck(AbstractIOReactor.java:506)
	at org.apache.http.impl.nio.reactor.BaseIOReactor.validate(BaseIOReactor.java:211)
	at org.apache.http.impl.nio.reactor.AbstractIOReactor.execute(AbstractIOReactor.java:280)
	at org.apache.http.impl.nio.reactor.BaseIOReactor.execute(BaseIOReactor.java:104)
	at org.apache.http.impl.nio.reactor.AbstractMultiworkerIOReactor$Worker.run(AbstractMultiworkerIOReactor.java:591)
	at java.base/java.lang.Thread.run(Thread.java:833)

